<?xml version="1.0" encoding="UTF-8"?>
<robot generator="Robot 7.4.2 (Python 3.12.2 on win32)" generated="2026-05-31T20:28:32.827907" rpa="false" schemaversion="5">
<suite id="s1" name="Robot Tests" source="C:\MY_WORK_SPACE\SelfStudy\Job\Phyton\adpyauto\robot_tests">
<suite id="s1-s1" name="Auth" source="C:\MY_WORK_SPACE\SelfStudy\Job\Phyton\adpyauto\robot_tests\auth">
<suite id="s1-s1-s1" name="Auth" source="C:\MY_WORK_SPACE\SelfStudy\Job\Phyton\adpyauto\robot_tests\auth\auth.robot">
<test id="s1-s1-s1-t1" name="TC02 POST Login Valid Credentials" line="9">
<kw name="Create Dictionary" owner="BuiltIn">
<msg time="2026-05-31T20:28:33.300756" level="INFO">${body} = {'username': 'test', 'password': 'test'}</msg>
<var>${body}</var>
<arg>username=${USERNAME}</arg>
<arg>password=${PASSWORD}</arg>
<doc>Creates and returns a dictionary based on the given ``items``.</doc>
<status status="PASS" start="2026-05-31T20:28:33.290658" elapsed="0.010098"/>
</kw>
<kw name="Post Resource" owner="api">
<kw name="POST" owner="RequestsLibrary">
<msg time="2026-05-31T20:28:33.349935" level="INFO">POST Request : url=http://localhost:5000/api/v1/login 
 path_url=/api/v1/login 
 headers={'User-Agent': 'python-requests/2.33.1', 'Accept-Encoding': 'gzip, deflate', 'Accept': '*/*', 'Connection': 'keep-alive', 'Content-Type': 'application/json', 'Content-Length': '40'} 
 body=b'{"username": "test", "password": "test"}' 
 </msg>
<msg time="2026-05-31T20:28:33.350955" level="INFO">POST Response : url=http://localhost:5000/api/v1/login 
 status=200, reason=OK 
 headers={'Server': 'Werkzeug/3.1.8 Python/3.12.13', 'Date': 'Sun, 31 May 2026 17:28:39 GMT', 'Content-Type': 'application/json', 'Content-Length': '354', 'Access-Control-Allow-Origin': '*', 'Access-Control-Allow-Credentials': 'true', 'Vary': 'Origin', 'Access-Control-Allow-Methods': 'GET, POST, PUT, DELETE, OPTIONS', 'Connection': 'close'} 
 body={
  "access_token": "eyJhbGciOiJIUzI1NiIsInR5cCI6IkpXVCJ9.eyJmcmVzaCI6ZmFsc2UsImlhdCI6MTc4MDI0ODUxOSwianRpIjoiZWUxZTdiNGYtNDQ4Ni00YWZmLThiNTctNjc2N2QzZGE1NWFhIiwidHlwZSI6ImFjY2VzcyIsInN1YiI6InRlc3QiLCJuYmYiOjE3ODAyNDg1MTksImNzcmYiOiI0NjEzYjEzMy1iNjkxLTRkNTItYjkxYi0yZGFhN2FhOTE5MTUiLCJleHAiOjE3ODAyNDk0MTl9.8CyyucQWhF6ihHO9PLRhSCn64yOmuwF3l5pmIKYcznw"
}
 
 </msg>
<msg time="2026-05-31T20:28:33.350955" level="INFO">${response} = &lt;Response [200]&gt;</msg>
<var>${response}</var>
<arg>${url}</arg>
<arg>json=${body}</arg>
<arg>headers=${headers}</arg>
<arg>expected_status=any</arg>
<doc>Sends a POST request.</doc>
<status status="PASS" start="2026-05-31T20:28:33.300756" elapsed="0.050199"/>
</kw>
<return>
<value>${response}</value>
<status status="PASS" start="2026-05-31T20:28:33.351966" elapsed="0.000000"/>
</return>
<msg time="2026-05-31T20:28:33.351966" level="INFO">${response} = &lt;Response [200]&gt;</msg>
<var>${response}</var>
<arg>${LOGIN_URL}</arg>
<arg>${JSON_HEADER}</arg>
<arg>${body}</arg>
<status status="PASS" start="2026-05-31T20:28:33.300756" elapsed="0.051210"/>
</kw>
<kw name="Set Variable" owner="BuiltIn">
<msg time="2026-05-31T20:28:33.353967" level="INFO">${json} = {'access_token': 'eyJhbGciOiJIUzI1NiIsInR5cCI6IkpXVCJ9.eyJmcmVzaCI6ZmFsc2UsImlhdCI6MTc4MDI0ODUxOSwianRpIjoiZWUxZTdiNGYtNDQ4Ni00YWZmLThiNTctNjc2N2QzZGE1NWFhIiwidHlwZSI6ImFjY2VzcyIsInN1YiI6InRlc3QiLCJuY...</msg>
<var>${json}</var>
<arg>${response.json()}</arg>
<doc>Returns the given values which can then be assigned to a variables.</doc>
<status status="PASS" start="2026-05-31T20:28:33.351966" elapsed="0.002001"/>
</kw>
<kw name="Should Be Equal As Integers" owner="BuiltIn">
<msg time="2026-05-31T20:28:33.354967" level="INFO">Argument types are:
&lt;class 'int'&gt;
&lt;class 'str'&gt;</msg>
<arg>${response.status_code}</arg>
<arg>200</arg>
<doc>Fails if objects are unequal after converting them to integers.</doc>
<status status="PASS" start="2026-05-31T20:28:33.353967" elapsed="0.001000"/>
</kw>
<kw name="Dictionary Should Contain Key" owner="Collections">
<arg>${json}</arg>
<arg>access_token</arg>
<doc>Fails if ``key`` is not found from ``dictionary``.</doc>
<status status="PASS" start="2026-05-31T20:28:33.354967" elapsed="0.000000"/>
</kw>
<kw name="Should Not Be Equal" owner="BuiltIn">
<msg time="2026-05-31T20:28:33.355965" level="INFO">Argument types are:
&lt;class 'str'&gt;
&lt;class 'NoneType'&gt;</msg>
<arg>${json}[access_token]</arg>
<arg>${NONE}</arg>
<doc>Fails if the given objects are equal.</doc>
<status status="PASS" start="2026-05-31T20:28:33.354967" elapsed="0.000998"/>
</kw>
<tag>auth</tag>
<tag>TC02</tag>
<status status="PASS" start="2026-05-31T20:28:33.290658" elapsed="0.065307"/>
</test>
<test id="s1-s1-s1-t2" name="TC03 TC04 POST Login Invalid JSON Body" line="18">
<kw name="Login Should Return Error">
<kw name="Post Resource" owner="api">
<kw name="POST" owner="RequestsLibrary">
<msg time="2026-05-31T20:28:33.370571" level="INFO">POST Request : url=http://localhost:5000/api/v1/login 
 path_url=/api/v1/login 
 headers={'User-Agent': 'python-requests/2.33.1', 'Accept-Encoding': 'gzip, deflate', 'Accept': '*/*', 'Connection': 'keep-alive', 'Content-Type': 'application/json', 'Content-Length': '49'} 
 body=b'{"username": "test", "password": "wrongpassword"}' 
 </msg>
<msg time="2026-05-31T20:28:33.370571" level="INFO">POST Response : url=http://localhost:5000/api/v1/login 
 status=401, reason=UNAUTHORIZED 
 headers={'Server': 'Werkzeug/3.1.8 Python/3.12.13', 'Date': 'Sun, 31 May 2026 17:28:39 GMT', 'Content-Type': 'application/json', 'Content-Length': '48', 'Access-Control-Allow-Origin': '*', 'Access-Control-Allow-Credentials': 'true', 'Vary': 'Origin', 'Access-Control-Allow-Methods': 'GET, POST, PUT, DELETE, OPTIONS', 'Connection': 'close'} 
 body={
  "message": "No such username or password"
}
 
 </msg>
<msg time="2026-05-31T20:28:33.371832" level="INFO">${response} = &lt;Response [401]&gt;</msg>
<var>${response}</var>
<arg>${url}</arg>
<arg>json=${body}</arg>
<arg>headers=${headers}</arg>
<arg>expected_status=any</arg>
<doc>Sends a POST request.</doc>
<status status="PASS" start="2026-05-31T20:28:33.359476" elapsed="0.012356"/>
</kw>
<return>
<value>${response}</value>
<status status="PASS" start="2026-05-31T20:28:33.371832" elapsed="0.000000"/>
</return>
<msg time="2026-05-31T20:28:33.371832" level="INFO">${response} = &lt;Response [401]&gt;</msg>
<var>${response}</var>
<arg>${LOGIN_URL}</arg>
<arg>${JSON_HEADER}</arg>
<arg>${body}</arg>
<status status="PASS" start="2026-05-31T20:28:33.359476" elapsed="0.012356"/>
</kw>
<kw name="Set Variable" owner="BuiltIn">
<msg time="2026-05-31T20:28:33.373449" level="INFO">${json} = {'message': 'No such username or password'}</msg>
<var>${json}</var>
<arg>${response.json()}</arg>
<doc>Returns the given values which can then be assigned to a variables.</doc>
<status status="PASS" start="2026-05-31T20:28:33.371832" elapsed="0.001617"/>
</kw>
<kw name="Should Be Equal As Integers" owner="BuiltIn">
<msg time="2026-05-31T20:28:33.373449" level="INFO">Argument types are:
&lt;class 'int'&gt;
&lt;class 'str'&gt;</msg>
<arg>${response.status_code}</arg>
<arg>${expected_status}</arg>
<doc>Fails if objects are unequal after converting them to integers.</doc>
<status status="PASS" start="2026-05-31T20:28:33.373449" elapsed="0.000000"/>
</kw>
<kw name="Should Be Equal" owner="BuiltIn">
<arg>${json}[message]</arg>
<arg>${expected_message}</arg>
<doc>Fails if the given objects are unequal.</doc>
<status status="PASS" start="2026-05-31T20:28:33.373449" elapsed="0.003438"/>
</kw>
<arg>${WRONG_PASSWORD_BODY}</arg>
<arg>401</arg>
<arg>No such username or password</arg>
<status status="PASS" start="2026-05-31T20:28:33.356966" elapsed="0.019921"/>
</kw>
<kw name="Login Should Return Error">
<kw name="Post Resource" owner="api">
<kw name="POST" owner="RequestsLibrary">
<msg time="2026-05-31T20:28:33.391580" level="INFO">POST Request : url=http://localhost:5000/api/v1/login 
 path_url=/api/v1/login 
 headers={'User-Agent': 'python-requests/2.33.1', 'Accept-Encoding': 'gzip, deflate', 'Accept': '*/*', 'Connection': 'keep-alive', 'Content-Type': 'application/json', 'Content-Length': '20'} 
 body=b'{"username": "test"}' 
 </msg>
<msg time="2026-05-31T20:28:33.392908" level="INFO">POST Response : url=http://localhost:5000/api/v1/login 
 status=400, reason=BAD REQUEST 
 headers={'Server': 'Werkzeug/3.1.8 Python/3.12.13', 'Date': 'Sun, 31 May 2026 17:28:39 GMT', 'Content-Type': 'application/json', 'Content-Length': '36', 'Access-Control-Allow-Origin': '*', 'Access-Control-Allow-Credentials': 'true', 'Vary': 'Origin', 'Access-Control-Allow-Methods': 'GET, POST, PUT, DELETE, OPTIONS', 'Connection': 'close'} 
 body={
  "message": "Bad request body"
}
 
 </msg>
<msg time="2026-05-31T20:28:33.392908" level="INFO">${response} = &lt;Response [400]&gt;</msg>
<var>${response}</var>
<arg>${url}</arg>
<arg>json=${body}</arg>
<arg>headers=${headers}</arg>
<arg>expected_status=any</arg>
<doc>Sends a POST request.</doc>
<status status="PASS" start="2026-05-31T20:28:33.377902" elapsed="0.015006"/>
</kw>
<return>
<value>${response}</value>
<status status="PASS" start="2026-05-31T20:28:33.392908" elapsed="0.000000"/>
</return>
<msg time="2026-05-31T20:28:33.393917" level="INFO">${response} = &lt;Response [400]&gt;</msg>
<var>${response}</var>
<arg>${LOGIN_URL}</arg>
<arg>${JSON_HEADER}</arg>
<arg>${body}</arg>
<status status="PASS" start="2026-05-31T20:28:33.377902" elapsed="0.016015"/>
</kw>
<kw name="Set Variable" owner="BuiltIn">
<msg time="2026-05-31T20:28:33.394793" level="INFO">${json} = {'message': 'Bad request body'}</msg>
<var>${json}</var>
<arg>${response.json()}</arg>
<doc>Returns the given values which can then be assigned to a variables.</doc>
<status status="PASS" start="2026-05-31T20:28:33.393917" elapsed="0.000876"/>
</kw>
<kw name="Should Be Equal As Integers" owner="BuiltIn">
<msg time="2026-05-31T20:28:33.396303" level="INFO">Argument types are:
&lt;class 'int'&gt;
&lt;class 'str'&gt;</msg>
<arg>${response.status_code}</arg>
<arg>${expected_status}</arg>
<doc>Fails if objects are unequal after converting them to integers.</doc>
<status status="PASS" start="2026-05-31T20:28:33.394793" elapsed="0.001510"/>
</kw>
<kw name="Should Be Equal" owner="BuiltIn">
<arg>${json}[message]</arg>
<arg>${expected_message}</arg>
<doc>Fails if the given objects are unequal.</doc>
<status status="PASS" start="2026-05-31T20:28:33.396303" elapsed="0.000000"/>
</kw>
<arg>${MISSING_FIELD_BODY}</arg>
<arg>400</arg>
<arg>Bad request body</arg>
<status status="PASS" start="2026-05-31T20:28:33.376887" elapsed="0.019416"/>
</kw>
<tag>auth</tag>
<tag>negative</tag>
<tag>TC03</tag>
<tag>TC04</tag>
<status status="PASS" start="2026-05-31T20:28:33.356966" elapsed="0.041408"/>
</test>
<test id="s1-s1-s1-t3" name="TC05 POST Login Wrong Content Type" line="24">
<kw name="Create Dictionary" owner="BuiltIn">
<msg time="2026-05-31T20:28:33.399917" level="INFO">${headers} = {'Content-Type': 'text/plain'}</msg>
<var>${headers}</var>
<arg>Content-Type=text/plain</arg>
<doc>Creates and returns a dictionary based on the given ``items``.</doc>
<status status="PASS" start="2026-05-31T20:28:33.399383" elapsed="0.000534"/>
</kw>
<kw name="POST" owner="RequestsLibrary">
<msg time="2026-05-31T20:28:33.412802" level="INFO">POST Request : url=http://localhost:5000/api/v1/login 
 path_url=/api/v1/login 
 headers={'User-Agent': 'python-requests/2.33.1', 'Accept-Encoding': 'gzip, deflate', 'Accept': '*/*', 'Connection': 'keep-alive', 'Content-Type': 'text/plain', 'Content-Length': '27'} 
 body=username=test&amp;password=test 
 </msg>
<msg time="2026-05-31T20:28:33.412802" level="INFO">POST Response : url=http://localhost:5000/api/v1/login 
 status=415, reason=UNSUPPORTED MEDIA TYPE 
 headers={'Server': 'Werkzeug/3.1.8 Python/3.12.13', 'Date': 'Sun, 31 May 2026 17:28:39 GMT', 'Content-Type': 'application/json', 'Content-Length': '57', 'Access-Control-Allow-Origin': '*', 'Access-Control-Allow-Credentials': 'true', 'Vary': 'Origin', 'Access-Control-Allow-Methods': 'GET, POST, PUT, DELETE, OPTIONS', 'Connection': 'close'} 
 body={
  "message": "Content-type must be application/json"
}
 
 </msg>
<msg time="2026-05-31T20:28:33.416914" level="INFO">${response} = &lt;Response [415]&gt;</msg>
<var>${response}</var>
<arg>${LOGIN_URL}</arg>
<arg>data=username=test&amp;password=test</arg>
<arg>headers=${headers}</arg>
<arg>expected_status=any</arg>
<doc>Sends a POST request.</doc>
<status status="PASS" start="2026-05-31T20:28:33.399917" elapsed="0.016997"/>
</kw>
<kw name="Should Be Equal As Integers" owner="BuiltIn">
<msg time="2026-05-31T20:28:33.419448" level="INFO">Argument types are:
&lt;class 'int'&gt;
&lt;class 'str'&gt;</msg>
<arg>${response.status_code}</arg>
<arg>415</arg>
<doc>Fails if objects are unequal after converting them to integers.</doc>
<status status="PASS" start="2026-05-31T20:28:33.416914" elapsed="0.005485"/>
</kw>
<kw name="Should Be Equal" owner="BuiltIn">
<arg>${response.json()}[message]</arg>
<arg>Content-type must be application/json</arg>
<doc>Fails if the given objects are unequal.</doc>
<status status="PASS" start="2026-05-31T20:28:33.422399" elapsed="0.000000"/>
</kw>
<tag>auth</tag>
<tag>negative</tag>
<tag>TC05</tag>
<status status="PASS" start="2026-05-31T20:28:33.398374" elapsed="0.024025"/>
</test>
<status status="PASS" start="2026-05-31T20:28:32.907983" elapsed="0.514416"/>
</suite>
<status status="PASS" start="2026-05-31T20:28:32.903455" elapsed="0.521956"/>
</suite>
<status status="PASS" start="2026-05-31T20:28:32.830276" elapsed="0.595135"/>
</suite>
<statistics>
<total>
<stat pass="3" fail="0" skip="0">All Tests</stat>
</total>
<tag>
<stat pass="3" fail="0" skip="0">auth</stat>
<stat pass="2" fail="0" skip="0">negative</stat>
<stat pass="1" fail="0" skip="0">TC02</stat>
<stat pass="1" fail="0" skip="0">TC03</stat>
<stat pass="1" fail="0" skip="0">TC04</stat>
<stat pass="1" fail="0" skip="0">TC05</stat>
</tag>
<suite>
<stat name="Robot Tests" id="s1" pass="3" fail="0" skip="0">Robot Tests</stat>
<stat name="Auth" id="s1-s1" pass="3" fail="0" skip="0">Robot Tests.Auth</stat>
<stat name="Auth" id="s1-s1-s1" pass="3" fail="0" skip="0">Robot Tests.Auth.Auth</stat>
</suite>
</statistics>
<errors>
</errors>
</robot>
