<?xml version="1.0" encoding="utf-8"?><testsuites><testsuite name="pytest" errors="0" failures="0" skipped="0" tests="17" time="12.484" timestamp="2026-05-24T21:41:31.669269+03:00" hostname="EPUALVIW0986"><testcase classname="tests.test_auth" name="test_post_login_missing_required_fields" time="0.769" /><testcase classname="tests.test_auth" name="test_post_login_valid_credentials" time="0.834" /><testcase classname="tests.test_auth" name="test_post_login_wrong_content_type" time="0.790" /><testcase classname="tests.test_auth" name="test_post_login_invalid_password" time="0.818" /><testcase classname="tests.test_test_cases" name="test_post_test_case_create@data" time="0.851" /><testcase classname="tests.test_test_cases" name="test_post_test_case_non_existent_suite@data" time="0.019" /><testcase classname="tests.test_test_cases" name="test_post_test_case_missing_field@data" time="0.051" /><testcase classname="tests.test_test_cases" name="test_get_all_test_cases@data" time="0.084" /><testcase classname="tests.test_test_cases" name="test_get_test_case_by_id@data" time="0.082" /><testcase classname="tests.test_test_cases" name="test_get_test_case_non_existent_id@data" time="0.018" /><testcase classname="tests.test_test_cases" name="test_put_test_case_update@data" time="0.080" /><testcase classname="tests.test_test_cases" name="test_delete_test_case_by_id@data" time="0.062" /><testcase classname="tests.test_test_suites" name="test_post_test_suite_create@data" time="0.035" /><testcase classname="tests.test_test_suites" name="test_get_all_test_suites@data" time="0.056" /><testcase classname="tests.test_test_suites" name="test_get_test_suite_by_id@data" time="0.059" /><testcase classname="tests.test_test_suites" name="test_get_test_suite_non_existent_id@data" time="0.014" /><testcase classname="tests.test_test_suites" name="test_put_test_suite_update@data" time="0.064" /></testsuite></testsuites>